# JRE version: OpenJDK Runtime Environment (17.0.11) (build 17.0.11+0--11852314)
# Java VM: OpenJDK 64-Bit Server VM (17.0.11+0--11852314, mixed mode, tiered, compressed oops, compressed class ptrs, g1 gc, windows-amd64)
GC Precious Log:
 CPUs: 12 total, 12 available
 Memory: 15773M
 Large Page Support: Disabled
 NUMA Support: Disabled
 Compressed Oops: Enabled (32-bit)
 Heap Region Size: 1M
 Heap Min Capacity: 8M
 Heap Initial Capacity: 248M
 Heap Max Capacity: 2G
 Pre-touch: Disabled
 Parallel Workers: 10
 Concurrent Workers: 3
 Concurrent Refinement Workers: 10
 Periodic GC: Disabled
Heap:
 garbage-first heap   total 254976K, used 150422K [0x0000000080000000, 0x0000000100000000)
  region size 1024K, 7 young (7168K), 7 survivors (7168K)
 Metaspace       used 109487K, committed 110272K, reserved 1179648K
  class space    used 15044K, committed 15424K, reserved 1048576K
GC Heap History (20 events):
Event: 9.509 GC heap after
{Heap after GC invocations=33 (full 0):
 garbage-first heap   total 200704K, used 92847K [0x0000000080000000, 0x0000000100000000)
  region size 1024K, 7 young (7168K), 7 survivors (7168K)
 Metaspace       used 92184K, committed 92864K, reserved 1179648K
  class space    used 12807K, committed 13120K, reserved 1048576K
}
Event: 10.086 GC heap before
{Heap before GC invocations=33 (full 0):
 garbage-first heap   total 200704K, used 163503K [0x0000000080000000, 0x0000000100000000)
  region size 1024K, 76 young (77824K), 7 survivors (7168K)
 Metaspace       used 98149K, committed 98880K, reserved 1179648K
  class space    used 13654K, committed 14016K, reserved 1048576K
}
Event: 10.094 GC heap after
{Heap after GC invocations=34 (full 0):
 garbage-first heap   total 200704K, used 96751K [0x0000000080000000, 0x0000000100000000)
  region size 1024K, 8 young (8192K), 8 survivors (8192K)
 Metaspace       used 98149K, committed 98880K, reserved 1179648K
  class space    used 13654K, committed 14016K, reserved 1048576K
}
Event: 10.628 GC heap before
{Heap before GC invocations=34 (full 0):
 garbage-first heap   total 200704K, used 164335K [0x0000000080000000, 0x0000000100000000)
  region size 1024K, 75 young (76800K), 8 survivors (8192K)
 Metaspace       used 101715K, committed 102528K, reserved 1179648K
  class space    used 14193K, committed 14592K, reserved 1048576K
}
Event: 10.636 GC heap after
{Heap after GC invocations=35 (full 0):
 garbage-first heap   total 200704K, used 104489K [0x0000000080000000, 0x0000000100000000)
  region size 1024K, 10 young (10240K), 10 survivors (10240K)
 Metaspace       used 101715K, committed 102528K, reserved 1179648K
  class space    used 14193K, committed 14592K, reserved 1048576K
}
Event: 10.872 GC heap before
{Heap before GC invocations=35 (full 0):
 garbage-first heap   total 200704K, used 162857K [0x0000000080000000, 0x0000000100000000)
  region size 1024K, 68 young (69632K), 10 survivors (10240K)
 Metaspace       used 102240K, committed 103040K, reserved 1179648K
  class space    used 14310K, committed 14720K, reserved 1048576K
}
Event: 10.877 GC heap after
{Heap after GC invocations=36 (full 0):
 garbage-first heap   total 200704K, used 107021K [0x0000000080000000, 0x0000000100000000)
  region size 1024K, 5 young (5120K), 5 survivors (5120K)
 Metaspace       used 102240K, committed 103040K, reserved 1179648K
  class space    used 14310K, committed 14720K, reserved 1048576K
}
Event: 11.143 GC heap before
{Heap before GC invocations=36 (full 0):
 garbage-first heap   total 200704K, used 168461K [0x0000000080000000, 0x0000000100000000)
  region size 1024K, 61 young (62464K), 5 survivors (5120K)
 Metaspace       used 103763K, committed 104576K, reserved 1179648K
  class space    used 14434K, committed 14848K, reserved 1048576K
}
Event: 11.146 GC heap after
{Heap after GC invocations=37 (full 0):
 garbage-first heap   total 200704K, used 108273K [0x0000000080000000, 0x0000000100000000)
  region size 1024K, 6 young (6144K), 6 survivors (6144K)
 Metaspace       used 103763K, committed 104576K, reserved 1179648K
  class space    used 14434K, committed 14848K, reserved 1048576K
}
Event: 11.617 GC heap before
{Heap before GC invocations=37 (full 0):
 garbage-first heap   total 200704K, used 163569K [0x0000000080000000, 0x0000000100000000)
  region size 1024K, 61 young (62464K), 6 survivors (6144K)
 Metaspace       used 105792K, committed 106560K, reserved 1179648K
  class space    used 14620K, committed 14976K, reserved 1048576K
}
Event: 11.624 GC heap after
{Heap after GC invocations=38 (full 0):
 garbage-first heap   total 200704K, used 116605K [0x0000000080000000, 0x0000000100000000)
  region size 1024K, 8 young (8192K), 8 survivors (8192K)
 Metaspace       used 105792K, committed 106560K, reserved 1179648K
  class space    used 14620K, committed 14976K, reserved 1048576K
}
Event: 11.878 GC heap before
{Heap before GC invocations=38 (full 0):
 garbage-first heap   total 200704K, used 170877K [0x0000000080000000, 0x0000000100000000)
  region size 1024K, 53 young (54272K), 8 survivors (8192K)
 Metaspace       used 106047K, committed 106816K, reserved 1179648K
  class space    used 14645K, committed 15040K, reserved 1048576K
}
Event: 11.890 GC heap after
{Heap after GC invocations=39 (full 0):
 garbage-first heap   total 200704K, used 136859K [0x0000000080000000, 0x0000000100000000)
  region size 1024K, 7 young (7168K), 7 survivors (7168K)
 Metaspace       used 106047K, committed 106816K, reserved 1179648K
  class space    used 14645K, committed 15040K, reserved 1048576K
}
Event: 12.209 GC heap before
{Heap before GC invocations=39 (full 0):
 garbage-first heap   total 200704K, used 170651K [0x0000000080000000, 0x0000000100000000)
  region size 1024K, 33 young (33792K), 7 survivors (7168K)
 Metaspace       used 106478K, committed 107200K, reserved 1179648K
  class space    used 14680K, committed 15040K, reserved 1048576K
}
Event: 12.214 GC heap after
{Heap after GC invocations=40 (full 0):
 garbage-first heap   total 200704K, used 142020K [0x0000000080000000, 0x0000000100000000)
  region size 1024K, 4 young (4096K), 4 survivors (4096K)
 Metaspace       used 106478K, committed 107200K, reserved 1179648K
  class space    used 14680K, committed 15040K, reserved 1048576K
}
Event: 12.522 GC heap before
{Heap before GC invocations=41 (full 0):
 garbage-first heap   total 254976K, used 163524K [0x0000000080000000, 0x0000000100000000)
  region size 1024K, 26 young (26624K), 4 survivors (4096K)
 Metaspace       used 108321K, committed 109120K, reserved 1179648K
  class space    used 14935K, committed 15296K, reserved 1048576K
}
Event: 12.534 GC heap after
{Heap after GC invocations=42 (full 0):
 garbage-first heap   total 254976K, used 144964K [0x0000000080000000, 0x0000000100000000)
  region size 1024K, 3 young (3072K), 3 survivors (3072K)
 Metaspace       used 108321K, committed 109120K, reserved 1179648K
  class space    used 14935K, committed 15296K, reserved 1048576K
}
Event: 12.666 GC heap before
{Heap before GC invocations=42 (full 0):
 garbage-first heap   total 254976K, used 153156K [0x0000000080000000, 0x0000000100000000)
  region size 1024K, 12 young (12288K), 3 survivors (3072K)
 Metaspace       used 108478K, committed 109248K, reserved 1179648K
  class space    used 14950K, committed 15296K, reserved 1048576K
}
Event: 12.670 GC heap after
{Heap after GC invocations=43 (full 0):
 garbage-first heap   total 254976K, used 142621K [0x0000000080000000, 0x0000000100000000)
  region size 1024K, 1 young (1024K), 1 survivors (1024K)
 Metaspace       used 108478K, committed 109248K, reserved 1179648K
  class space    used 14950K, committed 15296K, reserved 1048576K
}
Event: 12.984 GC heap before
{Heap before GC invocations=43 (full 0):
 garbage-first heap   total 254976K, used 215325K [0x0000000080000000, 0x0000000100000000)
  region size 1024K, 56 young (57344K), 1 survivors (1024K)
 Metaspace       used 109487K, committed 110272K, reserved 1179648K
  class space    used 15044K, committed 15424K, reserved 1048576K
}

