# JRE version: OpenJDK Runtime Environment (17.0.11) (build 17.0.11+0--11852314)
# Java VM: OpenJDK 64-Bit Server VM (17.0.11+0--11852314, mixed mode, tiered, compressed oops, compressed class ptrs, g1 gc, windows-amd64)
GC Precious Log:
 CPUs: 12 total, 12 available
 Memory: 15773M
 Large Page Support: Disabled
 NUMA Support: Disabled
 Compressed Oops: Enabled (32-bit)
 Heap Region Size: 1M
 Heap Min Capacity: 8M
 Heap Initial Capacity: 248M
 Heap Max Capacity: 2G
 Pre-touch: Disabled
 Parallel Workers: 10
 Concurrent Workers: 3
 Concurrent Refinement Workers: 10
 Periodic GC: Disabled
Heap:
 garbage-first heap   total 316416K, used 187970K [0x0000000080000000, 0x0000000100000000)
  region size 1024K, 2 young (2048K), 2 survivors (2048K)
 Metaspace       used 113683K, committed 114496K, reserved 1179648K
  class space    used 15933K, committed 16320K, reserved 1048576K
GC Heap History (20 events):
Event: 9.670 GC heap after
{Heap after GC invocations=32 (full 0):
 garbage-first heap   total 229376K, used 105868K [0x0000000080000000, 0x0000000100000000)
  region size 1024K, 2 young (2048K), 2 survivors (2048K)
 Metaspace       used 101649K, committed 102336K, reserved 1179648K
  class space    used 14189K, committed 14528K, reserved 1048576K
}
Event: 9.952 GC heap before
{Heap before GC invocations=32 (full 0):
 garbage-first heap   total 229376K, used 183692K [0x0000000080000000, 0x0000000100000000)
  region size 1024K, 79 young (80896K), 2 survivors (2048K)
 Metaspace       used 102394K, committed 103168K, reserved 1179648K
  class space    used 14293K, committed 14656K, reserved 1048576K
}
Event: 9.956 GC heap after
{Heap after GC invocations=33 (full 0):
 garbage-first heap   total 229376K, used 109505K [0x0000000080000000, 0x0000000100000000)
  region size 1024K, 6 young (6144K), 6 survivors (6144K)
 Metaspace       used 102394K, committed 103168K, reserved 1179648K
  class space    used 14293K, committed 14656K, reserved 1048576K
}
Event: 10.288 GC heap before
{Heap before GC invocations=33 (full 0):
 garbage-first heap   total 229376K, used 189377K [0x0000000080000000, 0x0000000100000000)
  region size 1024K, 80 young (81920K), 6 survivors (6144K)
 Metaspace       used 104983K, committed 105792K, reserved 1179648K
  class space    used 14559K, committed 14976K, reserved 1048576K
}
Event: 10.293 GC heap after
{Heap after GC invocations=34 (full 0):
 garbage-first heap   total 229376K, used 114117K [0x0000000080000000, 0x0000000100000000)
  region size 1024K, 7 young (7168K), 7 survivors (7168K)
 Metaspace       used 104983K, committed 105792K, reserved 1179648K
  class space    used 14559K, committed 14976K, reserved 1048576K
}
Event: 10.471 GC heap before
{Heap before GC invocations=34 (full 0):
 garbage-first heap   total 229376K, used 185797K [0x0000000080000000, 0x0000000100000000)
  region size 1024K, 78 young (79872K), 7 survivors (7168K)
 Metaspace       used 105762K, committed 106624K, reserved 1179648K
  class space    used 14682K, committed 15104K, reserved 1048576K
}
Event: 10.475 GC heap after
{Heap after GC invocations=35 (full 0):
 garbage-first heap   total 229376K, used 118799K [0x0000000080000000, 0x0000000100000000)
  region size 1024K, 8 young (8192K), 8 survivors (8192K)
 Metaspace       used 105762K, committed 106624K, reserved 1179648K
  class space    used 14682K, committed 15104K, reserved 1048576K
}
Event: 10.508 GC heap before
{Heap before GC invocations=35 (full 0):
 garbage-first heap   total 229376K, used 187407K [0x0000000080000000, 0x0000000100000000)
  region size 1024K, 74 young (75776K), 8 survivors (8192K)
 Metaspace       used 106122K, committed 106944K, reserved 1179648K
  class space    used 14724K, committed 15104K, reserved 1048576K
}
Event: 10.513 GC heap after
{Heap after GC invocations=36 (full 0):
 garbage-first heap   total 275456K, used 137988K [0x0000000080000000, 0x0000000100000000)
  region size 1024K, 10 young (10240K), 10 survivors (10240K)
 Metaspace       used 106122K, committed 106944K, reserved 1179648K
  class space    used 14724K, committed 15104K, reserved 1048576K
}
Event: 10.800 GC heap before
{Heap before GC invocations=36 (full 0):
 garbage-first heap   total 275456K, used 212740K [0x0000000080000000, 0x0000000100000000)
  region size 1024K, 84 young (86016K), 10 survivors (10240K)
 Metaspace       used 110125K, committed 110976K, reserved 1179648K
  class space    used 15385K, committed 15808K, reserved 1048576K
}
Event: 10.805 GC heap after
{Heap after GC invocations=37 (full 0):
 garbage-first heap   total 275456K, used 145381K [0x0000000080000000, 0x0000000100000000)
  region size 1024K, 11 young (11264K), 11 survivors (11264K)
 Metaspace       used 110125K, committed 110976K, reserved 1179648K
  class space    used 15385K, committed 15808K, reserved 1048576K
}
Event: 10.892 GC heap before
{Heap before GC invocations=37 (full 0):
 garbage-first heap   total 275456K, used 213989K [0x0000000080000000, 0x0000000100000000)
  region size 1024K, 79 young (80896K), 11 survivors (11264K)
 Metaspace       used 111347K, committed 112192K, reserved 1179648K
  class space    used 15575K, committed 16000K, reserved 1048576K
}
Event: 10.903 GC heap after
{Heap after GC invocations=38 (full 0):
 garbage-first heap   total 275456K, used 157696K [0x0000000080000000, 0x0000000100000000)
  region size 1024K, 10 young (10240K), 10 survivors (10240K)
 Metaspace       used 111347K, committed 112192K, reserved 1179648K
  class space    used 15575K, committed 16000K, reserved 1048576K
}
Event: 10.981 GC heap before
{Heap before GC invocations=38 (full 0):
 garbage-first heap   total 275456K, used 217088K [0x0000000080000000, 0x0000000100000000)
  region size 1024K, 68 young (69632K), 10 survivors (10240K)
 Metaspace       used 112788K, committed 113664K, reserved 1179648K
  class space    used 15834K, committed 16256K, reserved 1048576K
}
Event: 10.992 GC heap after
{Heap after GC invocations=39 (full 0):
 garbage-first heap   total 275456K, used 168357K [0x0000000080000000, 0x0000000100000000)
  region size 1024K, 9 young (9216K), 9 survivors (9216K)
 Metaspace       used 112788K, committed 113664K, reserved 1179648K
  class space    used 15834K, committed 16256K, reserved 1048576K
}
Event: 11.061 GC heap before
{Heap before GC invocations=39 (full 0):
 garbage-first heap   total 275456K, used 219557K [0x0000000080000000, 0x0000000100000000)
  region size 1024K, 60 young (61440K), 9 survivors (9216K)
 Metaspace       used 113352K, committed 114176K, reserved 1179648K
  class space    used 15881K, committed 16256K, reserved 1048576K
}
Event: 11.071 GC heap after
{Heap after GC invocations=40 (full 0):
 garbage-first heap   total 275456K, used 179411K [0x0000000080000000, 0x0000000100000000)
  region size 1024K, 8 young (8192K), 8 survivors (8192K)
 Metaspace       used 113352K, committed 114176K, reserved 1179648K
  class space    used 15881K, committed 16256K, reserved 1048576K
}
Event: 11.153 GC heap before
{Heap before GC invocations=41 (full 0):
 garbage-first heap   total 316416K, used 224467K [0x0000000080000000, 0x0000000100000000)
  region size 1024K, 52 young (53248K), 8 survivors (8192K)
 Metaspace       used 113598K, committed 114432K, reserved 1179648K
  class space    used 15922K, committed 16320K, reserved 1048576K
}
Event: 11.162 GC heap after
{Heap after GC invocations=42 (full 0):
 garbage-first heap   total 316416K, used 188848K [0x0000000080000000, 0x0000000100000000)
  region size 1024K, 7 young (7168K), 7 survivors (7168K)
 Metaspace       used 113598K, committed 114432K, reserved 1179648K
  class space    used 15922K, committed 16320K, reserved 1048576K
}
Event: 11.177 GC heap before
{Heap before GC invocations=42 (full 0):
 garbage-first heap   total 316416K, used 197040K [0x0000000080000000, 0x0000000100000000)
  region size 1024K, 15 young (15360K), 7 survivors (7168K)
 Metaspace       used 113683K, committed 114496K, reserved 1179648K
  class space    used 15933K, committed 16320K, reserved 1048576K
}

